<?xml version="1.0" encoding="UTF-8"?>
<!-- Generated by org.testng.reporters.JUnitXMLReporter -->
<testsuite ignored="1" hostname="DESKTOP-R6BD6UD" failures="0" tests="2" name="Default test" time="85.049" errors="0" timestamp="2023-02-17T15:49:55 IST">
  <testcase classname="com.saama.test.LoginTest" name="invalidLoginTest" time="8.844"/>
  <testcase classname="com.saama.test.LoginTest" name="invalidLoginTest" time="4.428"/>
  <testcase classname="com.saama.test.LoginTest" name="validLoginTest" time="0.0">
    <ignored/>
  </testcase> <!-- validLoginTest -->
</testsuite> <!-- Default test -->
