<?xml version="1.0" encoding="UTF-8"?>
<!-- Generated by org.testng.reporters.JUnitXMLReporter -->
<testsuite ignored="0" hostname="DESKTOP-R6BD6UD" failures="0" tests="3" name="Default test" time="36.433" errors="0" timestamp="2023-02-16T16:29:19 IST">
  <testcase classname="com.saama.test.LoginTest" name="invalidLoginTest" time="2.198"/>
  <testcase classname="com.saama.test.LoginTest" name="invalidLoginTest" time="2.259"/>
  <testcase classname="com.saama.test.LoginTest" name="validLoginTest" time="2.666"/>
</testsuite> <!-- Default test -->
