<?xml version="1.0" encoding="UTF-8"?>
<testng-results ignored="3" total="5" passed="2" failed="0" skipped="0">
  <reporter-output>
  </reporter-output>
  <suite started-at="2023-02-16T16:53:39 IST" name="Suite" finished-at="2023-02-16T16:53:59 IST" duration-ms="20109">
    <groups>
      <group name="UI">
        <method signature="LoginUITest.validateTitleTest()[pri:1, instance:com.saama.test.LoginUITest@47d9a273]" name="validateTitleTest" class="com.saama.test.LoginUITest"/>
        <method signature="LoginUITest.validateHeaderTest()[pri:2, instance:com.saama.test.LoginUITest@47d9a273]" name="validateHeaderTest" class="com.saama.test.LoginUITest"/>
      </group> <!-- UI -->
      <group name="smoke">
        <method signature="LoginUITest.validateTitleTest()[pri:1, instance:com.saama.test.LoginUITest@47d9a273]" name="validateTitleTest" class="com.saama.test.LoginUITest"/>
      </group> <!-- smoke -->
    </groups>
    <test started-at="2023-02-16T16:53:39 IST" name="Test-ch" finished-at="2023-02-16T16:53:59 IST" duration-ms="20109">
      <class name="com.saama.test.LoginUITest">
        <test-method is-config="true" signature="setup(java.lang.String)[pri:0, instance:com.saama.test.LoginUITest@47d9a273]" started-at="2023-02-16T16:53:39 IST" name="setup" finished-at="2023-02-16T16:53:47 IST" duration-ms="7820" status="PASS">
          <params>
            <param index="0">
              <value>
                <![CDATA[edge]]>
              </value>
            </param>
          </params>
          <reporter-output>
          </reporter-output>
        </test-method> <!-- setup -->
        <test-method signature="validateTitleTest()[pri:1, instance:com.saama.test.LoginUITest@47d9a273]" started-at="2023-02-16T16:53:47 IST" name="validateTitleTest" finished-at="2023-02-16T16:53:47 IST" duration-ms="17" status="PASS">
          <reporter-output>
          </reporter-output>
        </test-method> <!-- validateTitleTest -->
        <test-method is-config="true" signature="teardown()[pri:0, instance:com.saama.test.LoginUITest@47d9a273]" started-at="2023-02-16T16:53:47 IST" name="teardown" finished-at="2023-02-16T16:53:47 IST" duration-ms="179" status="PASS">
          <reporter-output>
          </reporter-output>
        </test-method> <!-- teardown -->
        <test-method is-config="true" signature="setup(java.lang.String)[pri:0, instance:com.saama.test.LoginUITest@47d9a273]" started-at="2023-02-16T16:53:47 IST" name="setup" finished-at="2023-02-16T16:53:58 IST" duration-ms="10953" status="PASS">
          <params>
            <param index="0">
              <value>
                <![CDATA[edge]]>
              </value>
            </param>
          </params>
          <reporter-output>
          </reporter-output>
        </test-method> <!-- setup -->
        <test-method signature="validateHeaderTest()[pri:2, instance:com.saama.test.LoginUITest@47d9a273]" started-at="2023-02-16T16:53:58 IST" name="validateHeaderTest" finished-at="2023-02-16T16:53:59 IST" duration-ms="918" status="PASS">
          <reporter-output>
          </reporter-output>
        </test-method> <!-- validateHeaderTest -->
        <test-method is-config="true" signature="teardown()[pri:0, instance:com.saama.test.LoginUITest@47d9a273]" started-at="2023-02-16T16:53:59 IST" name="teardown" finished-at="2023-02-16T16:53:59 IST" duration-ms="159" status="PASS">
          <reporter-output>
          </reporter-output>
        </test-method> <!-- teardown -->
      </class> <!-- com.saama.test.LoginUITest -->
    </test> <!-- Test-ch -->
  </suite> <!-- Suite -->
</testng-results>
