<?xml version="1.0" encoding="UTF-8"?>
<testng-results ignored="1" total="2" passed="1" failed="0" skipped="0">
  <reporter-output>
  </reporter-output>
  <suite started-at="2023-02-20T09:52:14Z" name="Suite" finished-at="2023-02-20T09:52:22Z" duration-ms="8533">
    <groups>
      <group name="UI">
        <method signature="LoginUITest.validateTitleTest()[pri:1, instance:com.saama.test.LoginUITest@4f3bbf68]" name="validateTitleTest" class="com.saama.test.LoginUITest"/>
      </group> <!-- UI -->
      <group name="smoke">
        <method signature="LoginUITest.validateTitleTest()[pri:1, instance:com.saama.test.LoginUITest@4f3bbf68]" name="validateTitleTest" class="com.saama.test.LoginUITest"/>
      </group> <!-- smoke -->
    </groups>
    <test started-at="2023-02-20T09:52:14Z" name="Test-ch" finished-at="2023-02-20T09:52:22Z" duration-ms="8533">
      <class name="com.saama.test.LoginUITest">
        <test-method is-config="true" signature="init()[pri:0, instance:com.saama.test.LoginUITest@4f3bbf68]" started-at="2023-02-20T09:52:13Z" name="init" finished-at="2023-02-20T09:52:14Z" duration-ms="541" status="PASS">
          <reporter-output>
          </reporter-output>
        </test-method> <!-- init -->
        <test-method is-config="true" signature="setup(java.lang.String, java.lang.reflect.Method)[pri:0, instance:com.saama.test.LoginUITest@4f3bbf68]" started-at="2023-02-20T09:52:14Z" name="setup" finished-at="2023-02-20T09:52:22Z" duration-ms="8100" status="PASS">
          <params>
            <param index="0">
              <value>
                <![CDATA[ch]]>
              </value>
            </param>
            <param index="1">
              <value>
                <![CDATA[public void com.saama.test.LoginUITest.validateTitleTest()]]>
              </value>
            </param>
          </params>
          <reporter-output>
          </reporter-output>
        </test-method> <!-- setup -->
        <test-method signature="validateTitleTest()[pri:1, instance:com.saama.test.LoginUITest@4f3bbf68]" started-at="2023-02-20T09:52:22Z" name="validateTitleTest" finished-at="2023-02-20T09:52:22Z" duration-ms="34" status="PASS">
          <reporter-output>
          </reporter-output>
        </test-method> <!-- validateTitleTest -->
        <test-method is-config="true" signature="teardown(org.testng.ITestResult)[pri:0, instance:com.saama.test.LoginUITest@4f3bbf68]" started-at="2023-02-20T09:52:22Z" name="teardown" finished-at="2023-02-20T09:52:22Z" duration-ms="365" status="PASS">
          <params>
            <param index="0">
              <value>
                <![CDATA[[TestResult name=validateTitleTest status=SUCCESS method=LoginUITest.validateTitleTest()[pri:1, instance:com.saama.test.LoginUITest@4f3bbf68] output={null}]]]>
              </value>
            </param>
          </params>
          <reporter-output>
          </reporter-output>
        </test-method> <!-- teardown -->
        <test-method is-config="true" signature="end()[pri:0, instance:com.saama.test.LoginUITest@4f3bbf68]" started-at="2023-02-20T09:52:22Z" name="end" finished-at="2023-02-20T09:52:23Z" duration-ms="817" status="PASS">
          <reporter-output>
          </reporter-output>
        </test-method> <!-- end -->
      </class> <!-- com.saama.test.LoginUITest -->
    </test> <!-- Test-ch -->
  </suite> <!-- Suite -->
</testng-results>
